[debug] [2022-01-27T00:18:41.465Z] ----------------------------------------------------------------------
[debug] [2022-01-27T00:18:41.523Z] Command:       C:\Program Files\nodejs\node.exe C:\Users\PC\AppData\Roaming\npm\node_modules\firebase-tools\lib\bin\firebase.js init
[debug] [2022-01-27T00:18:41.525Z] CLI Version:   9.17.0
[debug] [2022-01-27T00:18:41.525Z] Platform:      win32
[debug] [2022-01-27T00:18:41.526Z] Node Version:  v14.17.6
[debug] [2022-01-27T00:18:42.058Z] Time:          Thu Jan 27 2022 05:18:41 GMT+0500 (Pakistan Standard Time)
[debug] [2022-01-27T00:18:42.059Z] ----------------------------------------------------------------------
[debug] 
[debug] [2022-01-27T00:18:42.101Z] >>> [apiv2][query] GET https://firebase-public.firebaseio.com/cli.json [none]
[debug] [2022-01-27T00:18:42.392Z] > command requires scopes: ["email","openid","https://www.googleapis.com/auth/cloudplatformprojects.readonly","https://www.googleapis.com/auth/firebase","https://www.googleapis.com/auth/cloud-platform"]
[debug] [2022-01-27T00:18:42.394Z] > authorizing via signed-in user (stayyaba006@gmail.com)
[info] 
     ######## #### ########  ######## ########     ###     ######  ########
     ##        ##  ##     ## ##       ##     ##  ##   ##  ##       ##
     ######    ##  ########  ######   ########  #########  ######  ######
     ##        ##  ##    ##  ##       ##     ## ##     ##       ## ##
     ##       #### ##     ## ######## ########  ##     ##  ######  ########

You're about to initialize a Firebase project in this directory:

  C:\Users\PC\Desktop\module B

[debug] [2022-01-27T00:18:45.627Z] <<< [apiv2][status] GET https://firebase-public.firebaseio.com/cli.json 200
[debug] [2022-01-27T00:18:45.629Z] <<< [apiv2][body] GET https://firebase-public.firebaseio.com/cli.json {"cloudBuildErrorAfter":1594252800000,"cloudBuildWarnAfter":1590019200000,"defaultNode10After":1594252800000,"minVersion":"3.0.5","node8DeploysDisabledAfter":1613390400000,"node8RuntimeDisabledAfter":1615809600000,"node8WarnAfter":1600128000000}
